<?xml version="1.0" encoding="UTF-8" ?>
<testsuite errors="0" failures="0" hostname="textorm-pc" name="org.puremvc.java.patterns.proxy.ProxyTest" tests="3" time="0.047" timestamp="2012-01-08T15:04:16">
  <properties>
[...]
</properties>
  <testcase classname="org.puremvc.java.patterns.proxy.ProxyTest" name="testNameAccessor" time="0.0" />
  <testcase classname="org.puremvc.java.patterns.proxy.ProxyTest" name="testDataAccessors" time="0.0" />
  <testcase classname="org.puremvc.java.patterns.proxy.ProxyTest" name="testConstructor" time="0.0" />
  <system-out><![CDATA[]]></system-out>
  <system-err><![CDATA[]]></system-err>
</testsuite>
